[35m[Appium][39m Welcome to Appium v1.22.3
[35m[Appium][39m Non-default server args:
[35m[Appium][39m   port: 63623
[35m[Appium][39m   loglevel: info
[35m[Appium][39m   tmpDir: C:\Users\Testing\AppData\Local\Temp\\Katalon\Appium\Temp1694203509830
[35m[Appium][39m   chromedriverPort: 63624
[35m[Appium][39m Deprecated server args:
[35m[Appium][39m   [31m--chromedriver-port[39m => --default-capabilities
[35m[Appium][39m Default capabilities, which will be added to each request unless overridden by desired capabilities:
[35m[Appium][39m   chromedriverPort: 63624
[35m[Appium][39m Appium REST http interface listener started on 0.0.0.0:63623
[35m[HTTP][39m [37m-->[39m [37mGET[39m [37m/wd/hub/status[39m
[35m[HTTP][39m [90m{}[39m
[35m[HTTP][39m [37m<-- GET /wd/hub/status [39m[32m200[39m [90m6 ms - 68[39m
[35m[HTTP][39m [90m[39m
[35m[HTTP][39m [37m-->[39m [37mGET[39m [37m/wd/hub/status[39m
[35m[HTTP][39m [90m{}[39m
[35m[HTTP][39m [37m<-- GET /wd/hub/status [39m[32m200[39m [90m1 ms - 68[39m
[35m[HTTP][39m [90m[39m
[35m[HTTP][39m [37m-->[39m [37mPOST[39m [37m/wd/hub/session[39m
[35m[HTTP][39m [90m{"desiredCapabilities":{"appActivity":".Settings","appPackage":"com.android.settings","newCommandTimeout":1800,"platformVersion":"11","automationName":"uiautomator2","autoGrantPermissions":true,"platformName":"Android","udid":"R9WN40KBXDJ","deviceName":"samsung SM-A107M (Android 11)","platform":"ANDROID","systemPort":8282},"capabilities":{"firstMatch":[{"appium:appActivity":".Settings","appium:appPackage":"com.android.settings","appium:autoGrantPermissions":true,"appium:automationName":"uiautomator2","appium:deviceName":"samsung SM-A107M (Android 11)","appium:newCommandTimeout":1800,"platform":"ANDROID","platformName":"android","appium:platformVersion":"11","appium:systemPort":8282,"appium:udid":"R9WN40KBXDJ"}]}}[39m
[35m[BaseDriver][39m The following capabilities are not standard capabilities and should have an extension prefix:
[35m[BaseDriver][39m   platform
[35m[BaseDriver][39m   chromedriverPort
[35m[Appium][39m Appium v1.22.3 creating new AndroidUiautomator2Driver (v1.70.1) session
[35m[BaseDriver][39m The following capabilities were provided, but are not recognized by Appium:
[35m[BaseDriver][39m   platform
[35m[BaseDriver][39m Session created with session id: 91890455-6cc4-45d0-8afd-66c5a4acd958
[35m[UiAutomator2][39m Starting 'com.android.settings' directly on the device
[35m[ADB][39m Found 1 'build-tools' folders under 'C:\Users\Testing\.katalon\tools\android_sdk' (newest first):
[35m[ADB][39m     C:/Users/Testing/.katalon/tools/android_sdk/build-tools/29.0.3
[35m[ADB][39m Using 'adb.exe' from 'C:\Users\Testing\.katalon\tools\android_sdk\platform-tools\adb.exe'
[35m[AndroidDriver][39m Retrieving device list
[35m[AndroidDriver][39m Using device: R9WN40KBXDJ
[35m[ADB][39m Using 'adb.exe' from 'C:\Users\Testing\.katalon\tools\android_sdk\platform-tools\adb.exe'
[35m[ADB][39m Getting device platform version
[35m[UiAutomator2][39m Relaxing hidden api policy
[35m[AndroidDriver][39m No app sent in, not parsing package/activity
[35m[ADB][39m Using 'apksigner.jar' from 'C:\Users\Testing\.katalon\tools\android_sdk\build-tools\29.0.3\lib\apksigner.jar'
[35m[ADB][39m 'C:\Users\Testing\AppData\Roaming\npm\node_modules\appium\node_modules\appium-uiautomator2-server\apks\appium-uiautomator2-server-v4.27.0.apk' is signed with the default certificate
[35m[ADB][39m 'C:\Users\Testing\AppData\Roaming\npm\node_modules\appium\node_modules\appium-uiautomator2-server\apks\appium-uiautomator2-server-debug-androidTest.apk' is signed with the default certificate
[35m[UiAutomator2][39m Server packages are not going to be (re)installed
[35m[ADB][39m Adding packages ["io.appium.settings","io.appium.uiautomator2.server","io.appium.uiautomator2.server.test"] to Doze whitelist
[35m[UiAutomator2][39m Starting UIAutomator2 server 4.27.0
[35m[UiAutomator2][39m Using UIAutomator2 server from 'C:\Users\Testing\AppData\Roaming\npm\node_modules\appium\node_modules\appium-uiautomator2-server\apks\appium-uiautomator2-server-v4.27.0.apk' and test from 'C:\Users\Testing\AppData\Roaming\npm\node_modules\appium\node_modules\appium-uiautomator2-server\apks\appium-uiautomator2-server-debug-androidTest.apk'
[35m[UiAutomator2][39m Waiting up to 30000ms for UiAutomator2 to be online...
[35m[WD Proxy][39m socket hang up
[35m[WD Proxy][39m socket hang up
[35m[WD Proxy][39m socket hang up
[35m[WD Proxy][39m socket hang up
[35m[WD Proxy][39m socket hang up
[35m[WD Proxy][39m socket hang up
[35m[WD Proxy][39m Determined the downstream protocol as 'W3C'
[35m[AndroidDriver][39m Screen already unlocked, doing nothing
[35m[UiAutomator2][39m Starting 'com.android.settings/.Settings and waiting for 'com.android.settings/.Settings'
[35m[Appium][39m New AndroidUiautomator2Driver session created successfully, session 91890455-6cc4-45d0-8afd-66c5a4acd958 added to master session list
[35m[HTTP][39m [37m<-- POST /wd/hub/session [39m[32m200[39m [90m14774 ms - 1155[39m
[35m[HTTP][39m [90m[39m
[35m[HTTP][39m [37m-->[39m [37mGET[39m [37m/wd/hub/session/91890455-6cc4-45d0-8afd-66c5a4acd958[39m
[35m[HTTP][39m [90m{}[39m
[35m[HTTP][39m [37m<-- GET /wd/hub/session/91890455-6cc4-45d0-8afd-66c5a4acd958 [39m[32m200[39m [90m26 ms - 1109[39m
[35m[HTTP][39m [90m[39m
[35m[HTTP][39m [37m-->[39m [37mGET[39m [37m/wd/hub/session/91890455-6cc4-45d0-8afd-66c5a4acd958[39m
[35m[HTTP][39m [90m{}[39m
[35m[HTTP][39m [37m<-- GET /wd/hub/session/91890455-6cc4-45d0-8afd-66c5a4acd958 [39m[32m200[39m [90m31 ms - 1109[39m
[35m[HTTP][39m [90m[39m
[35m[HTTP][39m [37m-->[39m [37mGET[39m [37m/wd/hub/status[39m
[35m[HTTP][39m [90m{}[39m
[35m[HTTP][39m [37m<-- GET /wd/hub/status [39m[32m200[39m [90m1 ms - 68[39m
[35m[HTTP][39m [90m[39m
[35m[HTTP][39m [37m-->[39m [37mPOST[39m [37m/wd/hub/session/91890455-6cc4-45d0-8afd-66c5a4acd958/timeouts[39m
[35m[HTTP][39m [90m{"implicit":60000}[39m
[35m[HTTP][39m [37m<-- POST /wd/hub/session/91890455-6cc4-45d0-8afd-66c5a4acd958/timeouts [39m[32m200[39m [90m3 ms - 14[39m
[35m[HTTP][39m [90m[39m
[35m[HTTP][39m [37m-->[39m [37mGET[39m [37m/wd/hub/session/91890455-6cc4-45d0-8afd-66c5a4acd958/screenshot[39m
[35m[HTTP][39m [90m{}[39m
[35m[HTTP][39m [37m<-- GET /wd/hub/session/91890455-6cc4-45d0-8afd-66c5a4acd958/screenshot [39m[32m200[39m [90m1379 ms - 147544[39m
[35m[HTTP][39m [90m[39m
[35m[HTTP][39m [37m-->[39m [37mGET[39m [37m/wd/hub/session/91890455-6cc4-45d0-8afd-66c5a4acd958/window/rect[39m
[35m[HTTP][39m [90m{}[39m
[35m[HTTP][39m [37m<-- GET /wd/hub/session/91890455-6cc4-45d0-8afd-66c5a4acd958/window/rect [39m[32m200[39m [90m27 ms - 49[39m
[35m[HTTP][39m [90m[39m
[35m[HTTP][39m [37m-->[39m [37mGET[39m [37m/wd/hub/session/91890455-6cc4-45d0-8afd-66c5a4acd958/appium/device/system_bars[39m
[35m[HTTP][39m [90m{}[39m
[35m[HTTP][39m [37m<-- GET /wd/hub/session/91890455-6cc4-45d0-8afd-66c5a4acd958/appium/device/system_bars [39m[32m200[39m [90m126 ms - 145[39m
[35m[HTTP][39m [90m[39m
[35m[HTTP][39m [37m-->[39m [37mPOST[39m [37m/wd/hub/session/91890455-6cc4-45d0-8afd-66c5a4acd958/appium/device/activate_app[39m
[35m[HTTP][39m [90m{"bundleId":"com.naposystems.napoleonchat"}[39m
[35m[HTTP][39m [37m<-- POST /wd/hub/session/91890455-6cc4-45d0-8afd-66c5a4acd958/appium/device/activate_app [39m[32m200[39m [90m1182 ms - 14[39m
[35m[HTTP][39m [90m[39m
[35m[HTTP][39m [37m-->[39m [37mGET[39m [37m/wd/hub/session/91890455-6cc4-45d0-8afd-66c5a4acd958/source[39m
[35m[HTTP][39m [90m{}[39m
[35m[W3C (91890455)][39m Driver proxy active, passing request on via HTTP proxy
[35m[WD Proxy][39m Replacing sessionId 16953004-a0a5-4f95-b0f5-c1bb45dcfdba with 91890455-6cc4-45d0-8afd-66c5a4acd958
[35m[HTTP][39m [37m<-- GET /wd/hub/session/91890455-6cc4-45d0-8afd-66c5a4acd958/source [39m[32m200[39m [90m940 ms - 8272[39m
[35m[HTTP][39m [90m[39m
[35m[HTTP][39m [37m-->[39m [37mGET[39m [37m/wd/hub/session/91890455-6cc4-45d0-8afd-66c5a4acd958/screenshot[39m
[35m[HTTP][39m [90m{}[39m
[35m[HTTP][39m [37m<-- GET /wd/hub/session/91890455-6cc4-45d0-8afd-66c5a4acd958/screenshot [39m[32m200[39m [90m915 ms - 93700[39m
[35m[HTTP][39m [90m[39m
[35m[HTTP][39m [37m-->[39m [37mGET[39m [37m/wd/hub/session/91890455-6cc4-45d0-8afd-66c5a4acd958/source[39m
[35m[HTTP][39m [90m{}[39m
[35m[W3C (91890455)][39m Driver proxy active, passing request on via HTTP proxy
[35m[WD Proxy][39m Replacing sessionId 16953004-a0a5-4f95-b0f5-c1bb45dcfdba with 91890455-6cc4-45d0-8afd-66c5a4acd958
[35m[HTTP][39m [37m<-- GET /wd/hub/session/91890455-6cc4-45d0-8afd-66c5a4acd958/source [39m[32m200[39m [90m109 ms - 8272[39m
[35m[HTTP][39m [90m[39m
[35m[HTTP][39m [37m-->[39m [37mGET[39m [37m/wd/hub/session/91890455-6cc4-45d0-8afd-66c5a4acd958/screenshot[39m
[35m[HTTP][39m [90m{}[39m
[35m[HTTP][39m [37m<-- GET /wd/hub/session/91890455-6cc4-45d0-8afd-66c5a4acd958/screenshot [39m[32m200[39m [90m669 ms - 94636[39m
[35m[HTTP][39m [90m[39m
[35m[HTTP][39m [37m-->[39m [37mPOST[39m [37m/wd/hub/session/91890455-6cc4-45d0-8afd-66c5a4acd958/elements[39m
[35m[HTTP][39m [90m{"using":"xpath","value":"//*[@class = 'android.widget.TextView' and (@text = 'Tu cuenta ha sido recuperada. Gracias por recuperar tu cuenta, ahora puedes chatear de forma privada y segura con tus contactos.' or . = 'Tu cuenta ha sido recuperada. Gracias por recuperar tu cuenta, ahora puedes chatear de forma privada y segura con tus contactos.') and @resource-id = 'android:id/message']"}[39m
[35m[HTTP][39m [37m<-- POST /wd/hub/session/91890455-6cc4-45d0-8afd-66c5a4acd958/elements [39m[32m200[39m [90m906 ms - 139[39m
[35m[HTTP][39m [90m[39m
[35m[HTTP][39m [37m-->[39m [37mPOST[39m [37m/wd/hub/session/91890455-6cc4-45d0-8afd-66c5a4acd958/elements[39m
[35m[HTTP][39m [90m{"using":"xpath","value":"//*[@class = 'android.widget.TextView' and (@text = 'Tu cuenta ha sido recuperada. Gracias por recuperar tu cuenta, ahora puedes chatear de forma privada y segura con tus contactos.' or . = 'Tu cuenta ha sido recuperada. Gracias por recuperar tu cuenta, ahora puedes chatear de forma privada y segura con tus contactos.') and @resource-id = 'android:id/message']"}[39m
[35m[HTTP][39m [37m<-- POST /wd/hub/session/91890455-6cc4-45d0-8afd-66c5a4acd958/elements [39m[32m200[39m [90m170 ms - 139[39m
[35m[HTTP][39m [90m[39m
[35m[HTTP][39m [37m-->[39m [37mGET[39m [37m/wd/hub/session/91890455-6cc4-45d0-8afd-66c5a4acd958/source[39m
[35m[HTTP][39m [90m{}[39m
[35m[W3C (91890455)][39m Driver proxy active, passing request on via HTTP proxy
[35m[WD Proxy][39m Replacing sessionId 16953004-a0a5-4f95-b0f5-c1bb45dcfdba with 91890455-6cc4-45d0-8afd-66c5a4acd958
[35m[HTTP][39m [37m<-- GET /wd/hub/session/91890455-6cc4-45d0-8afd-66c5a4acd958/source [39m[32m200[39m [90m86 ms - 8272[39m
[35m[HTTP][39m [90m[39m
[35m[HTTP][39m [37m-->[39m [37mGET[39m [37m/wd/hub/session/91890455-6cc4-45d0-8afd-66c5a4acd958/screenshot[39m
[35m[HTTP][39m [90m{}[39m
[35m[HTTP][39m [37m<-- GET /wd/hub/session/91890455-6cc4-45d0-8afd-66c5a4acd958/screenshot [39m[32m200[39m [90m681 ms - 95498[39m
[35m[HTTP][39m [90m[39m
[35m[HTTP][39m [37m-->[39m [37mPOST[39m [37m/wd/hub/session/91890455-6cc4-45d0-8afd-66c5a4acd958/elements[39m
[35m[HTTP][39m [90m{"using":"xpath","value":"//*[@class = 'android.widget.Button' and (@text = 'Cerrar' or . = 'Cerrar') and @resource-id = 'android:id/button1']"}[39m
[35m[HTTP][39m [37m<-- POST /wd/hub/session/91890455-6cc4-45d0-8afd-66c5a4acd958/elements [39m[32m200[39m [90m163 ms - 139[39m
[35m[HTTP][39m [90m[39m
[35m[HTTP][39m [37m-->[39m [37mGET[39m [37m/wd/hub/session/91890455-6cc4-45d0-8afd-66c5a4acd958/window/rect[39m
[35m[HTTP][39m [90m{}[39m
[35m[HTTP][39m [37m<-- GET /wd/hub/session/91890455-6cc4-45d0-8afd-66c5a4acd958/window/rect [39m[32m200[39m [90m23 ms - 49[39m
[35m[HTTP][39m [90m[39m
[35m[HTTP][39m [37m-->[39m [37mPOST[39m [37m/wd/hub/session/91890455-6cc4-45d0-8afd-66c5a4acd958/elements[39m
[35m[HTTP][39m [90m{"using":"xpath","value":"//*[@class = 'android.widget.Button' and (@text = 'Cerrar' or . = 'Cerrar') and @resource-id = 'android:id/button1']"}[39m
[35m[HTTP][39m [37m<-- POST /wd/hub/session/91890455-6cc4-45d0-8afd-66c5a4acd958/elements [39m[32m200[39m [90m158 ms - 139[39m
[35m[HTTP][39m [90m[39m
[35m[HTTP][39m [37m-->[39m [37mGET[39m [37m/wd/hub/session/91890455-6cc4-45d0-8afd-66c5a4acd958/element/00000000-0000-0211-ffff-ffff000000b2/location[39m
[35m[HTTP][39m [90m{}[39m
[35m[W3C (91890455)][39m Driver proxy active, passing request on via HTTP proxy
[35m[WD Proxy][39m Replacing sessionId 16953004-a0a5-4f95-b0f5-c1bb45dcfdba with 91890455-6cc4-45d0-8afd-66c5a4acd958
[35m[HTTP][39m [37m<-- GET /wd/hub/session/91890455-6cc4-45d0-8afd-66c5a4acd958/element/00000000-0000-0211-ffff-ffff000000b2/location [39m[32m200[39m [90m30 ms - 78[39m
[35m[HTTP][39m [90m[39m
[35m[HTTP][39m [37m-->[39m [37mPOST[39m [37m/wd/hub/session/91890455-6cc4-45d0-8afd-66c5a4acd958/element/00000000-0000-0211-ffff-ffff000000b2/click[39m
[35m[HTTP][39m [90m{"id":"00000000-0000-0211-ffff-ffff000000b2"}[39m
[35m[HTTP][39m [37m<-- POST /wd/hub/session/91890455-6cc4-45d0-8afd-66c5a4acd958/element/00000000-0000-0211-ffff-ffff000000b2/click [39m[32m200[39m [90m84 ms - 14[39m
[35m[HTTP][39m [90m[39m
[35m[HTTP][39m [37m-->[39m [37mGET[39m [37m/wd/hub/session/91890455-6cc4-45d0-8afd-66c5a4acd958/source[39m
[35m[HTTP][39m [90m{}[39m
[35m[W3C (91890455)][39m Driver proxy active, passing request on via HTTP proxy
[35m[WD Proxy][39m Replacing sessionId 16953004-a0a5-4f95-b0f5-c1bb45dcfdba with 91890455-6cc4-45d0-8afd-66c5a4acd958
[35m[HTTP][39m [37m<-- GET /wd/hub/session/91890455-6cc4-45d0-8afd-66c5a4acd958/source [39m[32m200[39m [90m2063 ms - 15842[39m
[35m[HTTP][39m [90m[39m
[35m[HTTP][39m [37m-->[39m [37mGET[39m [37m/wd/hub/session/91890455-6cc4-45d0-8afd-66c5a4acd958/screenshot[39m
[35m[HTTP][39m [90m{}[39m
[35m[HTTP][39m [37m<-- GET /wd/hub/session/91890455-6cc4-45d0-8afd-66c5a4acd958/screenshot [39m[32m200[39m [90m643 ms - 112338[39m
[35m[HTTP][39m [90m[39m
[35m[HTTP][39m [37m-->[39m [37mPOST[39m [37m/wd/hub/session/91890455-6cc4-45d0-8afd-66c5a4acd958/elements[39m
[35m[HTTP][39m [90m{"using":"xpath","value":"//*[@class = 'android.widget.EditText' and (@text = 'Pin de Acceso' or . = 'Pin de Acceso') and @resource-id = 'com.naposystems.napoleonchat:id/textInputEditText_access_pin']"}[39m
[35m[HTTP][39m [37m<-- POST /wd/hub/session/91890455-6cc4-45d0-8afd-66c5a4acd958/elements [39m[32m200[39m [90m244 ms - 139[39m
[35m[HTTP][39m [90m[39m
[35m[HTTP][39m [37m-->[39m [37mGET[39m [37m/wd/hub/session/91890455-6cc4-45d0-8afd-66c5a4acd958/window/rect[39m
[35m[HTTP][39m [90m{}[39m
[35m[HTTP][39m [37m<-- GET /wd/hub/session/91890455-6cc4-45d0-8afd-66c5a4acd958/window/rect [39m[32m200[39m [90m18 ms - 49[39m
[35m[HTTP][39m [90m[39m
[35m[HTTP][39m [37m-->[39m [37mPOST[39m [37m/wd/hub/session/91890455-6cc4-45d0-8afd-66c5a4acd958/elements[39m
[35m[HTTP][39m [90m{"using":"xpath","value":"//*[@class = 'android.widget.EditText' and (@text = 'Pin de Acceso' or . = 'Pin de Acceso') and @resource-id = 'com.naposystems.napoleonchat:id/textInputEditText_access_pin']"}[39m
[35m[HTTP][39m [37m<-- POST /wd/hub/session/91890455-6cc4-45d0-8afd-66c5a4acd958/elements [39m[32m200[39m [90m210 ms - 139[39m
[35m[HTTP][39m [90m[39m
[35m[HTTP][39m [37m-->[39m [37mGET[39m [37m/wd/hub/session/91890455-6cc4-45d0-8afd-66c5a4acd958/element/00000000-0000-0213-ffff-ffff000000c1/location[39m
[35m[HTTP][39m [90m{}[39m
[35m[W3C (91890455)][39m Driver proxy active, passing request on via HTTP proxy
[35m[WD Proxy][39m Replacing sessionId 16953004-a0a5-4f95-b0f5-c1bb45dcfdba with 91890455-6cc4-45d0-8afd-66c5a4acd958
[35m[HTTP][39m [37m<-- GET /wd/hub/session/91890455-6cc4-45d0-8afd-66c5a4acd958/element/00000000-0000-0213-ffff-ffff000000c1/location [39m[32m200[39m [90m27 ms - 77[39m
[35m[HTTP][39m [90m[39m
[35m[HTTP][39m [37m-->[39m [37mPOST[39m [37m/wd/hub/session/91890455-6cc4-45d0-8afd-66c5a4acd958/element/00000000-0000-0213-ffff-ffff000000c1/click[39m
[35m[HTTP][39m [90m{"id":"00000000-0000-0213-ffff-ffff000000c1"}[39m
[35m[HTTP][39m [37m<-- POST /wd/hub/session/91890455-6cc4-45d0-8afd-66c5a4acd958/element/00000000-0000-0213-ffff-ffff000000c1/click [39m[32m200[39m [90m163 ms - 14[39m
[35m[HTTP][39m [90m[39m
[35m[HTTP][39m [37m-->[39m [37mGET[39m [37m/wd/hub/session/91890455-6cc4-45d0-8afd-66c5a4acd958/source[39m
[35m[HTTP][39m [90m{}[39m
[35m[W3C (91890455)][39m Driver proxy active, passing request on via HTTP proxy
[35m[WD Proxy][39m Replacing sessionId 16953004-a0a5-4f95-b0f5-c1bb45dcfdba with 91890455-6cc4-45d0-8afd-66c5a4acd958
[35m[HTTP][39m [37m<-- GET /wd/hub/session/91890455-6cc4-45d0-8afd-66c5a4acd958/source [39m[32m200[39m [90m1349 ms - 16268[39m
[35m[HTTP][39m [90m[39m
[35m[HTTP][39m [37m-->[39m [37mGET[39m [37m/wd/hub/session/91890455-6cc4-45d0-8afd-66c5a4acd958/screenshot[39m
[35m[HTTP][39m [90m{}[39m
[35m[HTTP][39m [37m<-- GET /wd/hub/session/91890455-6cc4-45d0-8afd-66c5a4acd958/screenshot [39m[32m200[39m [90m667 ms - 130126[39m
[35m[HTTP][39m [90m[39m
[35m[HTTP][39m [37m-->[39m [37mPOST[39m [37m/wd/hub/session/91890455-6cc4-45d0-8afd-66c5a4acd958/elements[39m
[35m[HTTP][39m [90m{"using":"xpath","value":"//*[@class = 'android.widget.EditText' and (@text = 'Pin de Acceso' or . = 'Pin de Acceso') and @resource-id = 'com.naposystems.napoleonchat:id/textInputEditText_access_pin']"}[39m
[35m[HTTP][39m [37m<-- POST /wd/hub/session/91890455-6cc4-45d0-8afd-66c5a4acd958/elements [39m[32m200[39m [90m196 ms - 139[39m
[35m[HTTP][39m [90m[39m
[35m[HTTP][39m [37m-->[39m [37mGET[39m [37m/wd/hub/session/91890455-6cc4-45d0-8afd-66c5a4acd958/window/rect[39m
[35m[HTTP][39m [90m{}[39m
[35m[HTTP][39m [37m<-- GET /wd/hub/session/91890455-6cc4-45d0-8afd-66c5a4acd958/window/rect [39m[32m200[39m [90m18 ms - 49[39m
[35m[HTTP][39m [90m[39m
[35m[HTTP][39m [37m-->[39m [37mPOST[39m [37m/wd/hub/session/91890455-6cc4-45d0-8afd-66c5a4acd958/elements[39m
[35m[HTTP][39m [90m{"using":"xpath","value":"//*[@class = 'android.widget.EditText' and (@text = 'Pin de Acceso' or . = 'Pin de Acceso') and @resource-id = 'com.naposystems.napoleonchat:id/textInputEditText_access_pin']"}[39m
[35m[HTTP][39m [37m<-- POST /wd/hub/session/91890455-6cc4-45d0-8afd-66c5a4acd958/elements [39m[32m200[39m [90m191 ms - 139[39m
[35m[HTTP][39m [90m[39m
[35m[HTTP][39m [37m-->[39m [37mGET[39m [37m/wd/hub/session/91890455-6cc4-45d0-8afd-66c5a4acd958/element/00000000-0000-0213-ffff-ffff000000c1/location[39m
[35m[HTTP][39m [90m{}[39m
[35m[W3C (91890455)][39m Driver proxy active, passing request on via HTTP proxy
[35m[WD Proxy][39m Replacing sessionId 16953004-a0a5-4f95-b0f5-c1bb45dcfdba with 91890455-6cc4-45d0-8afd-66c5a4acd958
[35m[HTTP][39m [37m<-- GET /wd/hub/session/91890455-6cc4-45d0-8afd-66c5a4acd958/element/00000000-0000-0213-ffff-ffff000000c1/location [39m[32m200[39m [90m32 ms - 77[39m
[35m[HTTP][39m [90m[39m
[35m[HTTP][39m [37m-->[39m [37mPOST[39m [37m/wd/hub/session/91890455-6cc4-45d0-8afd-66c5a4acd958/element/00000000-0000-0213-ffff-ffff000000c1/clear[39m
[35m[HTTP][39m [90m{"id":"00000000-0000-0213-ffff-ffff000000c1"}[39m
[35m[HTTP][39m [37m<-- POST /wd/hub/session/91890455-6cc4-45d0-8afd-66c5a4acd958/element/00000000-0000-0213-ffff-ffff000000c1/clear [39m[32m200[39m [90m84 ms - 14[39m
[35m[HTTP][39m [90m[39m
[35m[HTTP][39m [37m-->[39m [37mPOST[39m [37m/wd/hub/session/91890455-6cc4-45d0-8afd-66c5a4acd958/element/00000000-0000-0213-ffff-ffff000000c1/value[39m
[35m[HTTP][39m [90m{"id":"00000000-0000-0213-ffff-ffff000000c1","text":"0000","value":["0","0","0","0"]}[39m
[35m[HTTP][39m [37m<-- POST /wd/hub/session/91890455-6cc4-45d0-8afd-66c5a4acd958/element/00000000-0000-0213-ffff-ffff000000c1/value [39m[32m200[39m [90m1729 ms - 14[39m
[35m[HTTP][39m [90m[39m
[35m[HTTP][39m [37m-->[39m [37mGET[39m [37m/wd/hub/session/91890455-6cc4-45d0-8afd-66c5a4acd958/source[39m
[35m[HTTP][39m [90m{}[39m
[35m[W3C (91890455)][39m Driver proxy active, passing request on via HTTP proxy
[35m[WD Proxy][39m Replacing sessionId 16953004-a0a5-4f95-b0f5-c1bb45dcfdba with 91890455-6cc4-45d0-8afd-66c5a4acd958
[35m[HTTP][39m [37m<-- GET /wd/hub/session/91890455-6cc4-45d0-8afd-66c5a4acd958/source [39m[32m200[39m [90m242 ms - 15788[39m
[35m[HTTP][39m [90m[39m
[35m[HTTP][39m [37m-->[39m [37mGET[39m [37m/wd/hub/session/91890455-6cc4-45d0-8afd-66c5a4acd958/screenshot[39m
[35m[HTTP][39m [90m{}[39m
[35m[HTTP][39m [37m<-- GET /wd/hub/session/91890455-6cc4-45d0-8afd-66c5a4acd958/screenshot [39m[32m200[39m [90m669 ms - 130376[39m
[35m[HTTP][39m [90m[39m
[35m[HTTP][39m [37m-->[39m [37mPOST[39m [37m/wd/hub/session/91890455-6cc4-45d0-8afd-66c5a4acd958/elements[39m
[35m[HTTP][39m [90m{"using":"xpath","value":"//*[@class = 'android.widget.EditText' and (@text = 'Confirmar nuevo pin de acceso' or . = 'Confirmar nuevo pin de acceso') and @resource-id = 'com.naposystems.napoleonchat:id/textInputEditText_confirm_access_pin']"}[39m
[35m[HTTP][39m [37m<-- POST /wd/hub/session/91890455-6cc4-45d0-8afd-66c5a4acd958/elements [39m[32m200[39m [90m185 ms - 139[39m
[35m[HTTP][39m [90m[39m
[35m[HTTP][39m [37m-->[39m [37mGET[39m [37m/wd/hub/session/91890455-6cc4-45d0-8afd-66c5a4acd958/window/rect[39m
[35m[HTTP][39m [90m{}[39m
[35m[HTTP][39m [37m<-- GET /wd/hub/session/91890455-6cc4-45d0-8afd-66c5a4acd958/window/rect [39m[32m200[39m [90m17 ms - 49[39m
[35m[HTTP][39m [90m[39m
[35m[HTTP][39m [37m-->[39m [37mPOST[39m [37m/wd/hub/session/91890455-6cc4-45d0-8afd-66c5a4acd958/elements[39m
[35m[HTTP][39m [90m{"using":"xpath","value":"//*[@class = 'android.widget.EditText' and (@text = 'Confirmar nuevo pin de acceso' or . = 'Confirmar nuevo pin de acceso') and @resource-id = 'com.naposystems.napoleonchat:id/textInputEditText_confirm_access_pin']"}[39m
[35m[HTTP][39m [37m<-- POST /wd/hub/session/91890455-6cc4-45d0-8afd-66c5a4acd958/elements [39m[32m200[39m [90m167 ms - 139[39m
[35m[HTTP][39m [90m[39m
[35m[HTTP][39m [37m-->[39m [37mGET[39m [37m/wd/hub/session/91890455-6cc4-45d0-8afd-66c5a4acd958/element/00000000-0000-0213-ffff-ffff000000d0/location[39m
[35m[HTTP][39m [90m{}[39m
[35m[W3C (91890455)][39m Driver proxy active, passing request on via HTTP proxy
[35m[WD Proxy][39m Replacing sessionId 16953004-a0a5-4f95-b0f5-c1bb45dcfdba with 91890455-6cc4-45d0-8afd-66c5a4acd958
[35m[HTTP][39m [37m<-- GET /wd/hub/session/91890455-6cc4-45d0-8afd-66c5a4acd958/element/00000000-0000-0213-ffff-ffff000000d0/location [39m[32m200[39m [90m26 ms - 77[39m
[35m[HTTP][39m [90m[39m
[35m[HTTP][39m [37m-->[39m [37mPOST[39m [37m/wd/hub/session/91890455-6cc4-45d0-8afd-66c5a4acd958/element/00000000-0000-0213-ffff-ffff000000d0/click[39m
[35m[HTTP][39m [90m{"id":"00000000-0000-0213-ffff-ffff000000d0"}[39m
[35m[HTTP][39m [37m<-- POST /wd/hub/session/91890455-6cc4-45d0-8afd-66c5a4acd958/element/00000000-0000-0213-ffff-ffff000000d0/click [39m[32m200[39m [90m124 ms - 14[39m
[35m[HTTP][39m [90m[39m
[35m[HTTP][39m [37m-->[39m [37mGET[39m [37m/wd/hub/session/91890455-6cc4-45d0-8afd-66c5a4acd958/source[39m
[35m[HTTP][39m [90m{}[39m
[35m[W3C (91890455)][39m Driver proxy active, passing request on via HTTP proxy
[35m[WD Proxy][39m Replacing sessionId 16953004-a0a5-4f95-b0f5-c1bb45dcfdba with 91890455-6cc4-45d0-8afd-66c5a4acd958
[35m[HTTP][39m [37m<-- GET /wd/hub/session/91890455-6cc4-45d0-8afd-66c5a4acd958/source [39m[32m200[39m [90m278 ms - 16259[39m
[35m[HTTP][39m [90m[39m
[35m[HTTP][39m [37m-->[39m [37mGET[39m [37m/wd/hub/session/91890455-6cc4-45d0-8afd-66c5a4acd958/screenshot[39m
[35m[HTTP][39m [90m{}[39m
[35m[HTTP][39m [37m<-- GET /wd/hub/session/91890455-6cc4-45d0-8afd-66c5a4acd958/screenshot [39m[32m200[39m [90m660 ms - 129038[39m
[35m[HTTP][39m [90m[39m
[35m[HTTP][39m [37m-->[39m [37mPOST[39m [37m/wd/hub/session/91890455-6cc4-45d0-8afd-66c5a4acd958/elements[39m
[35m[HTTP][39m [90m{"using":"xpath","value":"//*[@class = 'android.widget.EditText' and (@text = 'Confirmar nuevo pin de acceso' or . = 'Confirmar nuevo pin de acceso') and @resource-id = 'com.naposystems.napoleonchat:id/textInputEditText_confirm_access_pin']"}[39m
[35m[HTTP][39m [37m<-- POST /wd/hub/session/91890455-6cc4-45d0-8afd-66c5a4acd958/elements [39m[32m200[39m [90m159 ms - 139[39m
[35m[HTTP][39m [90m[39m
[35m[HTTP][39m [37m-->[39m [37mGET[39m [37m/wd/hub/session/91890455-6cc4-45d0-8afd-66c5a4acd958/window/rect[39m
[35m[HTTP][39m [90m{}[39m
[35m[HTTP][39m [37m<-- GET /wd/hub/session/91890455-6cc4-45d0-8afd-66c5a4acd958/window/rect [39m[32m200[39m [90m19 ms - 49[39m
[35m[HTTP][39m [90m[39m
[35m[HTTP][39m [37m-->[39m [37mPOST[39m [37m/wd/hub/session/91890455-6cc4-45d0-8afd-66c5a4acd958/elements[39m
[35m[HTTP][39m [90m{"using":"xpath","value":"//*[@class = 'android.widget.EditText' and (@text = 'Confirmar nuevo pin de acceso' or . = 'Confirmar nuevo pin de acceso') and @resource-id = 'com.naposystems.napoleonchat:id/textInputEditText_confirm_access_pin']"}[39m
[35m[HTTP][39m [37m<-- POST /wd/hub/session/91890455-6cc4-45d0-8afd-66c5a4acd958/elements [39m[32m200[39m [90m154 ms - 139[39m
[35m[HTTP][39m [90m[39m
[35m[HTTP][39m [37m-->[39m [37mGET[39m [37m/wd/hub/session/91890455-6cc4-45d0-8afd-66c5a4acd958/element/00000000-0000-0213-ffff-ffff000000d0/location[39m
[35m[HTTP][39m [90m{}[39m
[35m[W3C (91890455)][39m Driver proxy active, passing request on via HTTP proxy
[35m[WD Proxy][39m Replacing sessionId 16953004-a0a5-4f95-b0f5-c1bb45dcfdba with 91890455-6cc4-45d0-8afd-66c5a4acd958
[35m[HTTP][39m [37m<-- GET /wd/hub/session/91890455-6cc4-45d0-8afd-66c5a4acd958/element/00000000-0000-0213-ffff-ffff000000d0/location [39m[32m200[39m [90m38 ms - 77[39m
[35m[HTTP][39m [90m[39m
[35m[HTTP][39m [37m-->[39m [37mPOST[39m [37m/wd/hub/session/91890455-6cc4-45d0-8afd-66c5a4acd958/element/00000000-0000-0213-ffff-ffff000000d0/clear[39m
[35m[HTTP][39m [90m{"id":"00000000-0000-0213-ffff-ffff000000d0"}[39m
[35m[HTTP][39m [37m<-- POST /wd/hub/session/91890455-6cc4-45d0-8afd-66c5a4acd958/element/00000000-0000-0213-ffff-ffff000000d0/clear [39m[32m200[39m [90m73 ms - 14[39m
[35m[HTTP][39m [90m[39m
[35m[HTTP][39m [37m-->[39m [37mPOST[39m [37m/wd/hub/session/91890455-6cc4-45d0-8afd-66c5a4acd958/element/00000000-0000-0213-ffff-ffff000000d0/value[39m
[35m[HTTP][39m [90m{"id":"00000000-0000-0213-ffff-ffff000000d0","text":"0000","value":["0","0","0","0"]}[39m
[35m[HTTP][39m [37m<-- POST /wd/hub/session/91890455-6cc4-45d0-8afd-66c5a4acd958/element/00000000-0000-0213-ffff-ffff000000d0/value [39m[32m200[39m [90m1723 ms - 14[39m
[35m[HTTP][39m [90m[39m
[35m[HTTP][39m [37m-->[39m [37mGET[39m [37m/wd/hub/session/91890455-6cc4-45d0-8afd-66c5a4acd958/source[39m
[35m[HTTP][39m [90m{}[39m
[35m[W3C (91890455)][39m Driver proxy active, passing request on via HTTP proxy
[35m[WD Proxy][39m Replacing sessionId 16953004-a0a5-4f95-b0f5-c1bb45dcfdba with 91890455-6cc4-45d0-8afd-66c5a4acd958
[35m[HTTP][39m [37m<-- GET /wd/hub/session/91890455-6cc4-45d0-8afd-66c5a4acd958/source [39m[32m200[39m [90m235 ms - 15762[39m
[35m[HTTP][39m [90m[39m
[35m[HTTP][39m [37m-->[39m [37mGET[39m [37m/wd/hub/session/91890455-6cc4-45d0-8afd-66c5a4acd958/screenshot[39m
[35m[HTTP][39m [90m{}[39m
[35m[HTTP][39m [37m<-- GET /wd/hub/session/91890455-6cc4-45d0-8afd-66c5a4acd958/screenshot [39m[32m200[39m [90m684 ms - 130520[39m
[35m[HTTP][39m [90m[39m
[35m[HTTP][39m [37m-->[39m [37mGET[39m [37m/wd/hub/session/91890455-6cc4-45d0-8afd-66c5a4acd958/context[39m
[35m[HTTP][39m [90m{}[39m
[35m[HTTP][39m [37m<-- GET /wd/hub/session/91890455-6cc4-45d0-8afd-66c5a4acd958/context [39m[32m200[39m [90m1 ms - 22[39m
[35m[HTTP][39m [90m[39m
[35m[HTTP][39m [37m-->[39m [37mGET[39m [37m/wd/hub/session/91890455-6cc4-45d0-8afd-66c5a4acd958/contexts[39m
[35m[HTTP][39m [90m{}[39m
[35m[HTTP][39m [37m<-- GET /wd/hub/session/91890455-6cc4-45d0-8afd-66c5a4acd958/contexts [39m[32m200[39m [90m246 ms - 70[39m
[35m[HTTP][39m [90m[39m
[35m[HTTP][39m [37m-->[39m [37mPOST[39m [37m/wd/hub/session/91890455-6cc4-45d0-8afd-66c5a4acd958/context[39m
[35m[HTTP][39m [90m{"name":"NATIVE_APP"}[39m
[35m[HTTP][39m [37m<-- POST /wd/hub/session/91890455-6cc4-45d0-8afd-66c5a4acd958/context [39m[32m200[39m [90m1 ms - 14[39m
[35m[HTTP][39m [90m[39m
[35m[HTTP][39m [37m-->[39m [37mPOST[39m [37m/wd/hub/session/91890455-6cc4-45d0-8afd-66c5a4acd958/appium/device/hide_keyboard[39m
[35m[HTTP][39m [90m{}[39m
[35m[HTTP][39m [37m<-- POST /wd/hub/session/91890455-6cc4-45d0-8afd-66c5a4acd958/appium/device/hide_keyboard [39m[32m200[39m [90m2356 ms - 14[39m
[35m[HTTP][39m [90m[39m
[35m[HTTP][39m [37m-->[39m [37mPOST[39m [37m/wd/hub/session/91890455-6cc4-45d0-8afd-66c5a4acd958/context[39m
[35m[HTTP][39m [90m{"name":"NATIVE_APP"}[39m
[35m[HTTP][39m [37m<-- POST /wd/hub/session/91890455-6cc4-45d0-8afd-66c5a4acd958/context [39m[32m200[39m [90m1 ms - 14[39m
[35m[HTTP][39m [90m[39m
[35m[HTTP][39m [37m-->[39m [37mGET[39m [37m/wd/hub/session/91890455-6cc4-45d0-8afd-66c5a4acd958/source[39m
[35m[HTTP][39m [90m{}[39m
[35m[W3C (91890455)][39m Driver proxy active, passing request on via HTTP proxy
[35m[WD Proxy][39m Replacing sessionId 16953004-a0a5-4f95-b0f5-c1bb45dcfdba with 91890455-6cc4-45d0-8afd-66c5a4acd958
[35m[HTTP][39m [37m<-- GET /wd/hub/session/91890455-6cc4-45d0-8afd-66c5a4acd958/source [39m[32m200[39m [90m112 ms - 15806[39m
[35m[HTTP][39m [90m[39m
[35m[HTTP][39m [37m-->[39m [37mGET[39m [37m/wd/hub/session/91890455-6cc4-45d0-8afd-66c5a4acd958/screenshot[39m
[35m[HTTP][39m [90m{}[39m
[35m[HTTP][39m [37m<-- GET /wd/hub/session/91890455-6cc4-45d0-8afd-66c5a4acd958/screenshot [39m[32m200[39m [90m662 ms - 112792[39m
[35m[HTTP][39m [90m[39m
[35m[HTTP][39m [37m-->[39m [37mPOST[39m [37m/wd/hub/session/91890455-6cc4-45d0-8afd-66c5a4acd958/elements[39m
[35m[HTTP][39m [90m{"using":"xpath","value":"//*[@class = 'android.widget.Button' and (@text = 'Recuperar cuenta' or . = 'Recuperar cuenta') and @resource-id = 'com.naposystems.napoleonchat:id/button_register']"}[39m
[35m[HTTP][39m [37m<-- POST /wd/hub/session/91890455-6cc4-45d0-8afd-66c5a4acd958/elements [39m[32m200[39m [90m153 ms - 139[39m
[35m[HTTP][39m [90m[39m
[35m[HTTP][39m [37m-->[39m [37mGET[39m [37m/wd/hub/session/91890455-6cc4-45d0-8afd-66c5a4acd958/window/rect[39m
[35m[HTTP][39m [90m{}[39m
[35m[HTTP][39m [37m<-- GET /wd/hub/session/91890455-6cc4-45d0-8afd-66c5a4acd958/window/rect [39m[32m200[39m [90m15 ms - 49[39m
[35m[HTTP][39m [90m[39m
[35m[HTTP][39m [37m-->[39m [37mPOST[39m [37m/wd/hub/session/91890455-6cc4-45d0-8afd-66c5a4acd958/elements[39m
[35m[HTTP][39m [90m{"using":"xpath","value":"//*[@class = 'android.widget.Button' and (@text = 'Recuperar cuenta' or . = 'Recuperar cuenta') and @resource-id = 'com.naposystems.napoleonchat:id/button_register']"}[39m
[35m[HTTP][39m [37m<-- POST /wd/hub/session/91890455-6cc4-45d0-8afd-66c5a4acd958/elements [39m[32m200[39m [90m143 ms - 139[39m
[35m[HTTP][39m [90m[39m
[35m[HTTP][39m [37m-->[39m [37mGET[39m [37m/wd/hub/session/91890455-6cc4-45d0-8afd-66c5a4acd958/element/00000000-0000-0213-ffff-ffff000000de/location[39m
[35m[HTTP][39m [90m{}[39m
[35m[W3C (91890455)][39m Driver proxy active, passing request on via HTTP proxy
[35m[WD Proxy][39m Replacing sessionId 16953004-a0a5-4f95-b0f5-c1bb45dcfdba with 91890455-6cc4-45d0-8afd-66c5a4acd958
[35m[HTTP][39m [37m<-- GET /wd/hub/session/91890455-6cc4-45d0-8afd-66c5a4acd958/element/00000000-0000-0213-ffff-ffff000000de/location [39m[32m200[39m [90m26 ms - 79[39m
[35m[HTTP][39m [90m[39m
[35m[HTTP][39m [37m-->[39m [37mPOST[39m [37m/wd/hub/session/91890455-6cc4-45d0-8afd-66c5a4acd958/element/00000000-0000-0213-ffff-ffff000000de/click[39m
[35m[HTTP][39m [90m{"id":"00000000-0000-0213-ffff-ffff000000de"}[39m
[35m[HTTP][39m [37m<-- POST /wd/hub/session/91890455-6cc4-45d0-8afd-66c5a4acd958/element/00000000-0000-0213-ffff-ffff000000de/click [39m[32m200[39m [90m84 ms - 14[39m
[35m[HTTP][39m [90m[39m
[35m[HTTP][39m [37m-->[39m [37mGET[39m [37m/wd/hub/session/91890455-6cc4-45d0-8afd-66c5a4acd958/source[39m
[35m[HTTP][39m [90m{}[39m
[35m[W3C (91890455)][39m Driver proxy active, passing request on via HTTP proxy
[35m[WD Proxy][39m Replacing sessionId 16953004-a0a5-4f95-b0f5-c1bb45dcfdba with 91890455-6cc4-45d0-8afd-66c5a4acd958
[35m[HTTP][39m [37m<-- GET /wd/hub/session/91890455-6cc4-45d0-8afd-66c5a4acd958/source [39m[32m200[39m [90m2044 ms - 8318[39m
[35m[HTTP][39m [90m[39m
[35m[HTTP][39m [37m-->[39m [37mGET[39m [37m/wd/hub/session/91890455-6cc4-45d0-8afd-66c5a4acd958/screenshot[39m
[35m[HTTP][39m [90m{}[39m
[35m[HTTP][39m [37m<-- GET /wd/hub/session/91890455-6cc4-45d0-8afd-66c5a4acd958/screenshot [39m[32m200[39m [90m983 ms - 139326[39m
[35m[HTTP][39m [90m[39m
[35m[HTTP][39m [37m-->[39m [37mDELETE[39m [37m/wd/hub/session/91890455-6cc4-45d0-8afd-66c5a4acd958[39m
[35m[HTTP][39m [90m{}[39m
[35m[Appium][39m Removing session 91890455-6cc4-45d0-8afd-66c5a4acd958 from our master session list
[35m[UiAutomator2][39m Restoring hidden api policy to the device default configuration
[35m[HTTP][39m [37m<-- DELETE /wd/hub/session/91890455-6cc4-45d0-8afd-66c5a4acd958 [39m[32m200[39m [90m8888 ms - 14[39m
[35m[HTTP][39m [90m[39m
